  dpda1_for_ll2_generator__2025.cpp
C:\Users\Sviatoslav\Desktop\12.12\12_12_2025__new_sln_cw_sp2__2025_2026\cw_sp2__2025_2026\src\include\config.h(239,10): warning C4067: unexpected tokens following preprocessor directive - expected a newline
  (compiling source file '../dpda1_for_ll2_generator__2025/dpda1_for_ll2_generator__2025.cpp')
  
C:\Users\Sviatoslav\Desktop\12.12\12_12_2025__new_sln_cw_sp2__2025_2026\variant_specification\LexicaByRegExAndSyntaxByLL2protototype.h(35,9): warning C4005: 'T_DATA_TYPE_0': macro redefinition
  (compiling source file '../dpda1_for_ll2_generator__2025/dpda1_for_ll2_generator__2025.cpp')
      C:\Users\Sviatoslav\Desktop\12.12\12_12_2025__new_sln_cw_sp2__2025_2026\cw_sp2__2025_2026\src\include\config.h(25,9):
      see previous definition of 'T_DATA_TYPE_0'
  
C:\Users\Sviatoslav\Desktop\12.12\12_12_2025__new_sln_cw_sp2__2025_2026\variant_specification\LexicaByRegExAndSyntaxByLL2protototype.h(47,9): warning C4005: 'T_NOT_0': macro redefinition
  (compiling source file '../dpda1_for_ll2_generator__2025/dpda1_for_ll2_generator__2025.cpp')
      C:\Users\Sviatoslav\Desktop\12.12\12_12_2025__new_sln_cw_sp2__2025_2026\cw_sp2__2025_2026\src\include\config.h(42,9):
      see previous definition of 'T_NOT_0'
  
C:\Users\Sviatoslav\Desktop\12.12\12_12_2025__new_sln_cw_sp2__2025_2026\variant_specification\LexicaByRegExAndSyntaxByLL2protototype.h(51,9): warning C4005: 'T_BITWISE_AND_0': macro redefinition
  (compiling source file '../dpda1_for_ll2_generator__2025/dpda1_for_ll2_generator__2025.cpp')
      C:\Users\Sviatoslav\Desktop\12.12\12_12_2025__new_sln_cw_sp2__2025_2026\cw_sp2__2025_2026\src\include\config.h(34,9):
      see previous definition of 'T_BITWISE_AND_0'
  
C:\Users\Sviatoslav\Desktop\12.12\12_12_2025__new_sln_cw_sp2__2025_2026\variant_specification\LexicaByRegExAndSyntaxByLL2protototype.h(55,9): warning C4005: 'T_AND_0': macro redefinition
  (compiling source file '../dpda1_for_ll2_generator__2025/dpda1_for_ll2_generator__2025.cpp')
      C:\Users\Sviatoslav\Desktop\12.12\12_12_2025__new_sln_cw_sp2__2025_2026\cw_sp2__2025_2026\src\include\config.h(46,9):
      see previous definition of 'T_AND_0'
  
C:\Users\Sviatoslav\Desktop\12.12\12_12_2025__new_sln_cw_sp2__2025_2026\variant_specification\LexicaByRegExAndSyntaxByLL2protototype.h(59,9): warning C4005: 'T_BITWISE_OR_0': macro redefinition
  (compiling source file '../dpda1_for_ll2_generator__2025/dpda1_for_ll2_generator__2025.cpp')
      C:\Users\Sviatoslav\Desktop\12.12\12_12_2025__new_sln_cw_sp2__2025_2026\cw_sp2__2025_2026\src\include\config.h(38,9):
      see previous definition of 'T_BITWISE_OR_0'
  
C:\Users\Sviatoslav\Desktop\12.12\12_12_2025__new_sln_cw_sp2__2025_2026\variant_specification\LexicaByRegExAndSyntaxByLL2protototype.h(63,9): warning C4005: 'T_OR_0': macro redefinition
  (compiling source file '../dpda1_for_ll2_generator__2025/dpda1_for_ll2_generator__2025.cpp')
      C:\Users\Sviatoslav\Desktop\12.12\12_12_2025__new_sln_cw_sp2__2025_2026\cw_sp2__2025_2026\src\include\config.h(50,9):
      see previous definition of 'T_OR_0'
  
C:\Users\Sviatoslav\Desktop\12.12\12_12_2025__new_sln_cw_sp2__2025_2026\variant_specification\LexicaByRegExAndSyntaxByLL2protototype.h(67,9): warning C4005: 'T_EQUAL_0': macro redefinition
  (compiling source file '../dpda1_for_ll2_generator__2025/dpda1_for_ll2_generator__2025.cpp')
      C:\Users\Sviatoslav\Desktop\12.12\12_12_2025__new_sln_cw_sp2__2025_2026\cw_sp2__2025_2026\src\include\config.h(55,9):
      see previous definition of 'T_EQUAL_0'
  
C:\Users\Sviatoslav\Desktop\12.12\12_12_2025__new_sln_cw_sp2__2025_2026\variant_specification\LexicaByRegExAndSyntaxByLL2protototype.h(71,9): warning C4005: 'T_NOT_EQUAL_0': macro redefinition
  (compiling source file '../dpda1_for_ll2_generator__2025/dpda1_for_ll2_generator__2025.cpp')
      C:\Users\Sviatoslav\Desktop\12.12\12_12_2025__new_sln_cw_sp2__2025_2026\cw_sp2__2025_2026\src\include\config.h(59,9):
      see previous definition of 'T_NOT_EQUAL_0'
  
C:\Users\Sviatoslav\Desktop\12.12\12_12_2025__new_sln_cw_sp2__2025_2026\variant_specification\LexicaByRegExAndSyntaxByLL2protototype.h(75,9): warning C4005: 'T_LESS_0': macro redefinition
  (compiling source file '../dpda1_for_ll2_generator__2025/dpda1_for_ll2_generator__2025.cpp')
      C:\Users\Sviatoslav\Desktop\12.12\12_12_2025__new_sln_cw_sp2__2025_2026\cw_sp2__2025_2026\src\include\config.h(63,9):
      see previous definition of 'T_LESS_0'
  
C:\Users\Sviatoslav\Desktop\12.12\12_12_2025__new_sln_cw_sp2__2025_2026\variant_specification\LexicaByRegExAndSyntaxByLL2protototype.h(79,9): warning C4005: 'T_GREATER_0': macro redefinition
  (compiling source file '../dpda1_for_ll2_generator__2025/dpda1_for_ll2_generator__2025.cpp')
      C:\Users\Sviatoslav\Desktop\12.12\12_12_2025__new_sln_cw_sp2__2025_2026\cw_sp2__2025_2026\src\include\config.h(67,9):
      see previous definition of 'T_GREATER_0'
  
C:\Users\Sviatoslav\Desktop\12.12\12_12_2025__new_sln_cw_sp2__2025_2026\variant_specification\LexicaByRegExAndSyntaxByLL2protototype.h(83,9): warning C4005: 'T_ADD_0': macro redefinition
  (compiling source file '../dpda1_for_ll2_generator__2025/dpda1_for_ll2_generator__2025.cpp')
      C:\Users\Sviatoslav\Desktop\12.12\12_12_2025__new_sln_cw_sp2__2025_2026\cw_sp2__2025_2026\src\include\config.h(80,9):
      see previous definition of 'T_ADD_0'
  
C:\Users\Sviatoslav\Desktop\12.12\12_12_2025__new_sln_cw_sp2__2025_2026\variant_specification\LexicaByRegExAndSyntaxByLL2protototype.h(87,9): warning C4005: 'T_SUB_0': macro redefinition
  (compiling source file '../dpda1_for_ll2_generator__2025/dpda1_for_ll2_generator__2025.cpp')
      C:\Users\Sviatoslav\Desktop\12.12\12_12_2025__new_sln_cw_sp2__2025_2026\cw_sp2__2025_2026\src\include\config.h(84,9):
      see previous definition of 'T_SUB_0'
  
C:\Users\Sviatoslav\Desktop\12.12\12_12_2025__new_sln_cw_sp2__2025_2026\variant_specification\LexicaByRegExAndSyntaxByLL2protototype.h(91,9): warning C4005: 'T_MUL_0': macro redefinition
  (compiling source file '../dpda1_for_ll2_generator__2025/dpda1_for_ll2_generator__2025.cpp')
      C:\Users\Sviatoslav\Desktop\12.12\12_12_2025__new_sln_cw_sp2__2025_2026\cw_sp2__2025_2026\src\include\config.h(88,9):
      see previous definition of 'T_MUL_0'
  
C:\Users\Sviatoslav\Desktop\12.12\12_12_2025__new_sln_cw_sp2__2025_2026\variant_specification\LexicaByRegExAndSyntaxByLL2protototype.h(95,9): warning C4005: 'T_DIV_0': macro redefinition
  (compiling source file '../dpda1_for_ll2_generator__2025/dpda1_for_ll2_generator__2025.cpp')
      C:\Users\Sviatoslav\Desktop\12.12\12_12_2025__new_sln_cw_sp2__2025_2026\cw_sp2__2025_2026\src\include\config.h(92,9):
      see previous definition of 'T_DIV_0'
  
C:\Users\Sviatoslav\Desktop\12.12\12_12_2025__new_sln_cw_sp2__2025_2026\variant_specification\LexicaByRegExAndSyntaxByLL2protototype.h(99,9): warning C4005: 'T_MOD_0': macro redefinition
  (compiling source file '../dpda1_for_ll2_generator__2025/dpda1_for_ll2_generator__2025.cpp')
      C:\Users\Sviatoslav\Desktop\12.12\12_12_2025__new_sln_cw_sp2__2025_2026\cw_sp2__2025_2026\src\include\config.h(96,9):
      see previous definition of 'T_MOD_0'
  
C:\Users\Sviatoslav\Desktop\12.12\12_12_2025__new_sln_cw_sp2__2025_2026\variant_specification\LexicaByRegExAndSyntaxByLL2protototype.h(103,9): warning C4005: 'T_LRASSIGN_0': macro redefinition
  (compiling source file '../dpda1_for_ll2_generator__2025/dpda1_for_ll2_generator__2025.cpp')
      C:\Users\Sviatoslav\Desktop\12.12\12_12_2025__new_sln_cw_sp2__2025_2026\cw_sp2__2025_2026\src\include\config.h(201,9):
      see previous definition of 'T_LRASSIGN_0'
  
C:\Users\Sviatoslav\Desktop\12.12\12_12_2025__new_sln_cw_sp2__2025_2026\variant_specification\LexicaByRegExAndSyntaxByLL2protototype.h(111,9): warning C4005: 'T_ELSE_BLOCK_0': macro redefinition
  (compiling source file '../dpda1_for_ll2_generator__2025/dpda1_for_ll2_generator__2025.cpp')
      C:\Users\Sviatoslav\Desktop\12.12\12_12_2025__new_sln_cw_sp2__2025_2026\cw_sp2__2025_2026\src\include\config.h(126,9):
      see previous definition of 'T_ELSE_BLOCK_0'
  
C:\Users\Sviatoslav\Desktop\12.12\12_12_2025__new_sln_cw_sp2__2025_2026\variant_specification\LexicaByRegExAndSyntaxByLL2protototype.h(112,9): warning C4005: 'T_ELSE_BLOCK_1': macro redefinition
  (compiling source file '../dpda1_for_ll2_generator__2025/dpda1_for_ll2_generator__2025.cpp')
      C:\Users\Sviatoslav\Desktop\12.12\12_12_2025__new_sln_cw_sp2__2025_2026\cw_sp2__2025_2026\src\include\config.h(127,9):
      see previous definition of 'T_ELSE_BLOCK_1'
  
C:\Users\Sviatoslav\Desktop\12.12\12_12_2025__new_sln_cw_sp2__2025_2026\variant_specification\LexicaByRegExAndSyntaxByLL2protototype.h(115,9): warning C4005: 'T_IF_0': macro redefinition
  (compiling source file '../dpda1_for_ll2_generator__2025/dpda1_for_ll2_generator__2025.cpp')
      C:\Users\Sviatoslav\Desktop\12.12\12_12_2025__new_sln_cw_sp2__2025_2026\cw_sp2__2025_2026\src\include\config.h(114,9):
      see previous definition of 'T_IF_0'
  
C:\Users\Sviatoslav\Desktop\12.12\12_12_2025__new_sln_cw_sp2__2025_2026\variant_specification\LexicaByRegExAndSyntaxByLL2protototype.h(119,9): warning C4005: 'T_ELSE_IF_0': macro redefinition
  (compiling source file '../dpda1_for_ll2_generator__2025/dpda1_for_ll2_generator__2025.cpp')
      C:\Users\Sviatoslav\Desktop\12.12\12_12_2025__new_sln_cw_sp2__2025_2026\cw_sp2__2025_2026\src\include\config.h(118,9):
      see previous definition of 'T_ELSE_IF_0'
  
C:\Users\Sviatoslav\Desktop\12.12\12_12_2025__new_sln_cw_sp2__2025_2026\variant_specification\LexicaByRegExAndSyntaxByLL2protototype.h(120,9): warning C4005: 'T_ELSE_IF_1': macro redefinition
  (compiling source file '../dpda1_for_ll2_generator__2025/dpda1_for_ll2_generator__2025.cpp')
      C:\Users\Sviatoslav\Desktop\12.12\12_12_2025__new_sln_cw_sp2__2025_2026\cw_sp2__2025_2026\src\include\config.h(119,9):
      see previous definition of 'T_ELSE_IF_1'
  
C:\Users\Sviatoslav\Desktop\12.12\12_12_2025__new_sln_cw_sp2__2025_2026\variant_specification\LexicaByRegExAndSyntaxByLL2protototype.h(123,9): warning C4005: 'T_DO_0': macro redefinition
  (compiling source file '../dpda1_for_ll2_generator__2025/dpda1_for_ll2_generator__2025.cpp')
      C:\Users\Sviatoslav\Desktop\12.12\12_12_2025__new_sln_cw_sp2__2025_2026\cw_sp2__2025_2026\src\include\config.h(143,9):
      see previous definition of 'T_DO_0'
  
C:\Users\Sviatoslav\Desktop\12.12\12_12_2025__new_sln_cw_sp2__2025_2026\variant_specification\LexicaByRegExAndSyntaxByLL2protototype.h(127,9): warning C4005: 'T_FOR_0': macro redefinition
  (compiling source file '../dpda1_for_ll2_generator__2025/dpda1_for_ll2_generator__2025.cpp')
      C:\Users\Sviatoslav\Desktop\12.12\12_12_2025__new_sln_cw_sp2__2025_2026\cw_sp2__2025_2026\src\include\config.h(131,9):
      see previous definition of 'T_FOR_0'
  
C:\Users\Sviatoslav\Desktop\12.12\12_12_2025__new_sln_cw_sp2__2025_2026\variant_specification\LexicaByRegExAndSyntaxByLL2protototype.h(131,9): warning C4005: 'T_TO_0': macro redefinition
  (compiling source file '../dpda1_for_ll2_generator__2025/dpda1_for_ll2_generator__2025.cpp')
      C:\Users\Sviatoslav\Desktop\12.12\12_12_2025__new_sln_cw_sp2__2025_2026\cw_sp2__2025_2026\src\include\config.h(135,9):
      see previous definition of 'T_TO_0'
  
C:\Users\Sviatoslav\Desktop\12.12\12_12_2025__new_sln_cw_sp2__2025_2026\variant_specification\LexicaByRegExAndSyntaxByLL2protototype.h(135,9): warning C4005: 'T_INPUT_0': macro redefinition
  (compiling source file '../dpda1_for_ll2_generator__2025/dpda1_for_ll2_generator__2025.cpp')
      C:\Users\Sviatoslav\Desktop\12.12\12_12_2025__new_sln_cw_sp2__2025_2026\cw_sp2__2025_2026\src\include\config.h(170,9):
      see previous definition of 'T_INPUT_0'
  
C:\Users\Sviatoslav\Desktop\12.12\12_12_2025__new_sln_cw_sp2__2025_2026\variant_specification\LexicaByRegExAndSyntaxByLL2protototype.h(139,9): warning C4005: 'T_OUTPUT_0': macro redefinition
  (compiling source file '../dpda1_for_ll2_generator__2025/dpda1_for_ll2_generator__2025.cpp')
      C:\Users\Sviatoslav\Desktop\12.12\12_12_2025__new_sln_cw_sp2__2025_2026\cw_sp2__2025_2026\src\include\config.h(174,9):
      see previous definition of 'T_OUTPUT_0'
  
C:\Users\Sviatoslav\Desktop\12.12\12_12_2025__new_sln_cw_sp2__2025_2026\variant_specification\LexicaByRegExAndSyntaxByLL2protototype.h(143,9): warning C4005: 'T_NAME_0': macro redefinition
  (compiling source file '../dpda1_for_ll2_generator__2025/dpda1_for_ll2_generator__2025.cpp')
      C:\Users\Sviatoslav\Desktop\12.12\12_12_2025__new_sln_cw_sp2__2025_2026\cw_sp2__2025_2026\src\include\config.h(13,9):
      see previous definition of 'T_NAME_0'
  
C:\Users\Sviatoslav\Desktop\12.12\12_12_2025__new_sln_cw_sp2__2025_2026\variant_specification\LexicaByRegExAndSyntaxByLL2protototype.h(147,9): warning C4005: 'T_DATA_0': macro redefinition
  (compiling source file '../dpda1_for_ll2_generator__2025/dpda1_for_ll2_generator__2025.cpp')
      C:\Users\Sviatoslav\Desktop\12.12\12_12_2025__new_sln_cw_sp2__2025_2026\cw_sp2__2025_2026\src\include\config.h(21,9):
      see previous definition of 'T_DATA_0'
  
C:\Users\Sviatoslav\Desktop\12.12\12_12_2025__new_sln_cw_sp2__2025_2026\variant_specification\LexicaByRegExAndSyntaxByLL2protototype.h(151,9): warning C4005: 'T_BEGIN_0': macro redefinition
  (compiling source file '../dpda1_for_ll2_generator__2025/dpda1_for_ll2_generator__2025.cpp')
      C:\Users\Sviatoslav\Desktop\12.12\12_12_2025__new_sln_cw_sp2__2025_2026\cw_sp2__2025_2026\src\include\config.h(206,9):
      see previous definition of 'T_BEGIN_0'
  
C:\Users\Sviatoslav\Desktop\12.12\12_12_2025__new_sln_cw_sp2__2025_2026\variant_specification\LexicaByRegExAndSyntaxByLL2protototype.h(155,9): warning C4005: 'T_END_0': macro redefinition
  (compiling source file '../dpda1_for_ll2_generator__2025/dpda1_for_ll2_generator__2025.cpp')
      C:\Users\Sviatoslav\Desktop\12.12\12_12_2025__new_sln_cw_sp2__2025_2026\cw_sp2__2025_2026\src\include\config.h(210,9):
      see previous definition of 'T_END_0'
  
C:\Users\Sviatoslav\Desktop\12.12\12_12_2025__new_sln_cw_sp2__2025_2026\cw_sp2__2025_2026\src\include\config.h(13,9): warning C4005: 'T_NAME_0': macro redefinition
  (compiling source file '../dpda1_for_ll2_generator__2025/dpda1_for_ll2_generator__2025.cpp')
      C:\Users\Sviatoslav\Desktop\12.12\12_12_2025__new_sln_cw_sp2__2025_2026\variant_specification\LexicaByRegExAndSyntaxByLL2protototype.h(143,9):
      see previous definition of 'T_NAME_0'
  
C:\Users\Sviatoslav\Desktop\12.12\12_12_2025__new_sln_cw_sp2__2025_2026\cw_sp2__2025_2026\src\include\config.h(21,9): warning C4005: 'T_DATA_0': macro redefinition
  (compiling source file '../dpda1_for_ll2_generator__2025/dpda1_for_ll2_generator__2025.cpp')
      C:\Users\Sviatoslav\Desktop\12.12\12_12_2025__new_sln_cw_sp2__2025_2026\variant_specification\LexicaByRegExAndSyntaxByLL2protototype.h(147,9):
      see previous definition of 'T_DATA_0'
  
C:\Users\Sviatoslav\Desktop\12.12\12_12_2025__new_sln_cw_sp2__2025_2026\cw_sp2__2025_2026\src\include\config.h(25,9): warning C4005: 'T_DATA_TYPE_0': macro redefinition
  (compiling source file '../dpda1_for_ll2_generator__2025/dpda1_for_ll2_generator__2025.cpp')
      C:\Users\Sviatoslav\Desktop\12.12\12_12_2025__new_sln_cw_sp2__2025_2026\variant_specification\LexicaByRegExAndSyntaxByLL2protototype.h(35,9):
      see previous definition of 'T_DATA_TYPE_0'
  
C:\Users\Sviatoslav\Desktop\12.12\12_12_2025__new_sln_cw_sp2__2025_2026\cw_sp2__2025_2026\src\include\config.h(34,9): warning C4005: 'T_BITWISE_AND_0': macro redefinition
  (compiling source file '../dpda1_for_ll2_generator__2025/dpda1_for_ll2_generator__2025.cpp')
      C:\Users\Sviatoslav\Desktop\12.12\12_12_2025__new_sln_cw_sp2__2025_2026\variant_specification\LexicaByRegExAndSyntaxByLL2protototype.h(51,9):
      see previous definition of 'T_BITWISE_AND_0'
  
C:\Users\Sviatoslav\Desktop\12.12\12_12_2025__new_sln_cw_sp2__2025_2026\cw_sp2__2025_2026\src\include\config.h(38,9): warning C4005: 'T_BITWISE_OR_0': macro redefinition
  (compiling source file '../dpda1_for_ll2_generator__2025/dpda1_for_ll2_generator__2025.cpp')
      C:\Users\Sviatoslav\Desktop\12.12\12_12_2025__new_sln_cw_sp2__2025_2026\variant_specification\LexicaByRegExAndSyntaxByLL2protototype.h(59,9):
      see previous definition of 'T_BITWISE_OR_0'
  
C:\Users\Sviatoslav\Desktop\12.12\12_12_2025__new_sln_cw_sp2__2025_2026\cw_sp2__2025_2026\src\include\config.h(42,9): warning C4005: 'T_NOT_0': macro redefinition
  (compiling source file '../dpda1_for_ll2_generator__2025/dpda1_for_ll2_generator__2025.cpp')
      C:\Users\Sviatoslav\Desktop\12.12\12_12_2025__new_sln_cw_sp2__2025_2026\variant_specification\LexicaByRegExAndSyntaxByLL2protototype.h(47,9):
      see previous definition of 'T_NOT_0'
  
C:\Users\Sviatoslav\Desktop\12.12\12_12_2025__new_sln_cw_sp2__2025_2026\cw_sp2__2025_2026\src\include\config.h(46,9): warning C4005: 'T_AND_0': macro redefinition
  (compiling source file '../dpda1_for_ll2_generator__2025/dpda1_for_ll2_generator__2025.cpp')
      C:\Users\Sviatoslav\Desktop\12.12\12_12_2025__new_sln_cw_sp2__2025_2026\variant_specification\LexicaByRegExAndSyntaxByLL2protototype.h(55,9):
      see previous definition of 'T_AND_0'
  
C:\Users\Sviatoslav\Desktop\12.12\12_12_2025__new_sln_cw_sp2__2025_2026\cw_sp2__2025_2026\src\include\config.h(50,9): warning C4005: 'T_OR_0': macro redefinition
  (compiling source file '../dpda1_for_ll2_generator__2025/dpda1_for_ll2_generator__2025.cpp')
      C:\Users\Sviatoslav\Desktop\12.12\12_12_2025__new_sln_cw_sp2__2025_2026\variant_specification\LexicaByRegExAndSyntaxByLL2protototype.h(63,9):
      see previous definition of 'T_OR_0'
  
C:\Users\Sviatoslav\Desktop\12.12\12_12_2025__new_sln_cw_sp2__2025_2026\cw_sp2__2025_2026\src\include\config.h(55,9): warning C4005: 'T_EQUAL_0': macro redefinition
  (compiling source file '../dpda1_for_ll2_generator__2025/dpda1_for_ll2_generator__2025.cpp')
      C:\Users\Sviatoslav\Desktop\12.12\12_12_2025__new_sln_cw_sp2__2025_2026\variant_specification\LexicaByRegExAndSyntaxByLL2protototype.h(67,9):
      see previous definition of 'T_EQUAL_0'
  
C:\Users\Sviatoslav\Desktop\12.12\12_12_2025__new_sln_cw_sp2__2025_2026\cw_sp2__2025_2026\src\include\config.h(59,9): warning C4005: 'T_NOT_EQUAL_0': macro redefinition
  (compiling source file '../dpda1_for_ll2_generator__2025/dpda1_for_ll2_generator__2025.cpp')
      C:\Users\Sviatoslav\Desktop\12.12\12_12_2025__new_sln_cw_sp2__2025_2026\variant_specification\LexicaByRegExAndSyntaxByLL2protototype.h(71,9):
      see previous definition of 'T_NOT_EQUAL_0'
  
C:\Users\Sviatoslav\Desktop\12.12\12_12_2025__new_sln_cw_sp2__2025_2026\cw_sp2__2025_2026\src\include\config.h(63,9): warning C4005: 'T_LESS_0': macro redefinition
  (compiling source file '../dpda1_for_ll2_generator__2025/dpda1_for_ll2_generator__2025.cpp')
      C:\Users\Sviatoslav\Desktop\12.12\12_12_2025__new_sln_cw_sp2__2025_2026\variant_specification\LexicaByRegExAndSyntaxByLL2protototype.h(75,9):
      see previous definition of 'T_LESS_0'
  
C:\Users\Sviatoslav\Desktop\12.12\12_12_2025__new_sln_cw_sp2__2025_2026\cw_sp2__2025_2026\src\include\config.h(67,9): warning C4005: 'T_GREATER_0': macro redefinition
  (compiling source file '../dpda1_for_ll2_generator__2025/dpda1_for_ll2_generator__2025.cpp')
      C:\Users\Sviatoslav\Desktop\12.12\12_12_2025__new_sln_cw_sp2__2025_2026\variant_specification\LexicaByRegExAndSyntaxByLL2protototype.h(79,9):
      see previous definition of 'T_GREATER_0'
  
C:\Users\Sviatoslav\Desktop\12.12\12_12_2025__new_sln_cw_sp2__2025_2026\cw_sp2__2025_2026\src\include\config.h(80,9): warning C4005: 'T_ADD_0': macro redefinition
  (compiling source file '../dpda1_for_ll2_generator__2025/dpda1_for_ll2_generator__2025.cpp')
      C:\Users\Sviatoslav\Desktop\12.12\12_12_2025__new_sln_cw_sp2__2025_2026\variant_specification\LexicaByRegExAndSyntaxByLL2protototype.h(83,9):
      see previous definition of 'T_ADD_0'
  
C:\Users\Sviatoslav\Desktop\12.12\12_12_2025__new_sln_cw_sp2__2025_2026\cw_sp2__2025_2026\src\include\config.h(84,9): warning C4005: 'T_SUB_0': macro redefinition
  (compiling source file '../dpda1_for_ll2_generator__2025/dpda1_for_ll2_generator__2025.cpp')
      C:\Users\Sviatoslav\Desktop\12.12\12_12_2025__new_sln_cw_sp2__2025_2026\variant_specification\LexicaByRegExAndSyntaxByLL2protototype.h(87,9):
      see previous definition of 'T_SUB_0'
  
C:\Users\Sviatoslav\Desktop\12.12\12_12_2025__new_sln_cw_sp2__2025_2026\cw_sp2__2025_2026\src\include\config.h(88,9): warning C4005: 'T_MUL_0': macro redefinition
  (compiling source file '../dpda1_for_ll2_generator__2025/dpda1_for_ll2_generator__2025.cpp')
      C:\Users\Sviatoslav\Desktop\12.12\12_12_2025__new_sln_cw_sp2__2025_2026\variant_specification\LexicaByRegExAndSyntaxByLL2protototype.h(91,9):
      see previous definition of 'T_MUL_0'
  
C:\Users\Sviatoslav\Desktop\12.12\12_12_2025__new_sln_cw_sp2__2025_2026\cw_sp2__2025_2026\src\include\config.h(92,9): warning C4005: 'T_DIV_0': macro redefinition
  (compiling source file '../dpda1_for_ll2_generator__2025/dpda1_for_ll2_generator__2025.cpp')
      C:\Users\Sviatoslav\Desktop\12.12\12_12_2025__new_sln_cw_sp2__2025_2026\variant_specification\LexicaByRegExAndSyntaxByLL2protototype.h(95,9):
      see previous definition of 'T_DIV_0'
  
C:\Users\Sviatoslav\Desktop\12.12\12_12_2025__new_sln_cw_sp2__2025_2026\cw_sp2__2025_2026\src\include\config.h(96,9): warning C4005: 'T_MOD_0': macro redefinition
  (compiling source file '../dpda1_for_ll2_generator__2025/dpda1_for_ll2_generator__2025.cpp')
      C:\Users\Sviatoslav\Desktop\12.12\12_12_2025__new_sln_cw_sp2__2025_2026\variant_specification\LexicaByRegExAndSyntaxByLL2protototype.h(99,9):
      see previous definition of 'T_MOD_0'
  
C:\Users\Sviatoslav\Desktop\12.12\12_12_2025__new_sln_cw_sp2__2025_2026\cw_sp2__2025_2026\src\include\config.h(114,9): warning C4005: 'T_IF_0': macro redefinition
  (compiling source file '../dpda1_for_ll2_generator__2025/dpda1_for_ll2_generator__2025.cpp')
      C:\Users\Sviatoslav\Desktop\12.12\12_12_2025__new_sln_cw_sp2__2025_2026\variant_specification\LexicaByRegExAndSyntaxByLL2protototype.h(115,9):
      see previous definition of 'T_IF_0'
  
C:\Users\Sviatoslav\Desktop\12.12\12_12_2025__new_sln_cw_sp2__2025_2026\cw_sp2__2025_2026\src\include\config.h(118,9): warning C4005: 'T_ELSE_IF_0': macro redefinition
  (compiling source file '../dpda1_for_ll2_generator__2025/dpda1_for_ll2_generator__2025.cpp')
      C:\Users\Sviatoslav\Desktop\12.12\12_12_2025__new_sln_cw_sp2__2025_2026\variant_specification\LexicaByRegExAndSyntaxByLL2protototype.h(119,9):
      see previous definition of 'T_ELSE_IF_0'
  
C:\Users\Sviatoslav\Desktop\12.12\12_12_2025__new_sln_cw_sp2__2025_2026\cw_sp2__2025_2026\src\include\config.h(119,9): warning C4005: 'T_ELSE_IF_1': macro redefinition
  (compiling source file '../dpda1_for_ll2_generator__2025/dpda1_for_ll2_generator__2025.cpp')
      C:\Users\Sviatoslav\Desktop\12.12\12_12_2025__new_sln_cw_sp2__2025_2026\variant_specification\LexicaByRegExAndSyntaxByLL2protototype.h(120,9):
      see previous definition of 'T_ELSE_IF_1'
  
C:\Users\Sviatoslav\Desktop\12.12\12_12_2025__new_sln_cw_sp2__2025_2026\cw_sp2__2025_2026\src\include\config.h(126,9): warning C4005: 'T_ELSE_BLOCK_0': macro redefinition
  (compiling source file '../dpda1_for_ll2_generator__2025/dpda1_for_ll2_generator__2025.cpp')
      C:\Users\Sviatoslav\Desktop\12.12\12_12_2025__new_sln_cw_sp2__2025_2026\variant_specification\LexicaByRegExAndSyntaxByLL2protototype.h(111,9):
      see previous definition of 'T_ELSE_BLOCK_0'
  
C:\Users\Sviatoslav\Desktop\12.12\12_12_2025__new_sln_cw_sp2__2025_2026\cw_sp2__2025_2026\src\include\config.h(127,9): warning C4005: 'T_ELSE_BLOCK_1': macro redefinition
  (compiling source file '../dpda1_for_ll2_generator__2025/dpda1_for_ll2_generator__2025.cpp')
      C:\Users\Sviatoslav\Desktop\12.12\12_12_2025__new_sln_cw_sp2__2025_2026\variant_specification\LexicaByRegExAndSyntaxByLL2protototype.h(112,9):
      see previous definition of 'T_ELSE_BLOCK_1'
  
C:\Users\Sviatoslav\Desktop\12.12\12_12_2025__new_sln_cw_sp2__2025_2026\cw_sp2__2025_2026\src\include\config.h(131,9): warning C4005: 'T_FOR_0': macro redefinition
  (compiling source file '../dpda1_for_ll2_generator__2025/dpda1_for_ll2_generator__2025.cpp')
      C:\Users\Sviatoslav\Desktop\12.12\12_12_2025__new_sln_cw_sp2__2025_2026\variant_specification\LexicaByRegExAndSyntaxByLL2protototype.h(127,9):
      see previous definition of 'T_FOR_0'
  
C:\Users\Sviatoslav\Desktop\12.12\12_12_2025__new_sln_cw_sp2__2025_2026\cw_sp2__2025_2026\src\include\config.h(135,9): warning C4005: 'T_TO_0': macro redefinition
  (compiling source file '../dpda1_for_ll2_generator__2025/dpda1_for_ll2_generator__2025.cpp')
      C:\Users\Sviatoslav\Desktop\12.12\12_12_2025__new_sln_cw_sp2__2025_2026\variant_specification\LexicaByRegExAndSyntaxByLL2protototype.h(131,9):
      see previous definition of 'T_TO_0'
  
C:\Users\Sviatoslav\Desktop\12.12\12_12_2025__new_sln_cw_sp2__2025_2026\cw_sp2__2025_2026\src\include\config.h(143,9): warning C4005: 'T_DO_0': macro redefinition
  (compiling source file '../dpda1_for_ll2_generator__2025/dpda1_for_ll2_generator__2025.cpp')
      C:\Users\Sviatoslav\Desktop\12.12\12_12_2025__new_sln_cw_sp2__2025_2026\variant_specification\LexicaByRegExAndSyntaxByLL2protototype.h(123,9):
      see previous definition of 'T_DO_0'
  
C:\Users\Sviatoslav\Desktop\12.12\12_12_2025__new_sln_cw_sp2__2025_2026\cw_sp2__2025_2026\src\include\config.h(170,9): warning C4005: 'T_INPUT_0': macro redefinition
  (compiling source file '../dpda1_for_ll2_generator__2025/dpda1_for_ll2_generator__2025.cpp')
      C:\Users\Sviatoslav\Desktop\12.12\12_12_2025__new_sln_cw_sp2__2025_2026\variant_specification\LexicaByRegExAndSyntaxByLL2protototype.h(135,9):
      see previous definition of 'T_INPUT_0'
  
C:\Users\Sviatoslav\Desktop\12.12\12_12_2025__new_sln_cw_sp2__2025_2026\cw_sp2__2025_2026\src\include\config.h(174,9): warning C4005: 'T_OUTPUT_0': macro redefinition
  (compiling source file '../dpda1_for_ll2_generator__2025/dpda1_for_ll2_generator__2025.cpp')
      C:\Users\Sviatoslav\Desktop\12.12\12_12_2025__new_sln_cw_sp2__2025_2026\variant_specification\LexicaByRegExAndSyntaxByLL2protototype.h(139,9):
      see previous definition of 'T_OUTPUT_0'
  
C:\Users\Sviatoslav\Desktop\12.12\12_12_2025__new_sln_cw_sp2__2025_2026\cw_sp2__2025_2026\src\include\config.h(201,9): warning C4005: 'T_LRASSIGN_0': macro redefinition
  (compiling source file '../dpda1_for_ll2_generator__2025/dpda1_for_ll2_generator__2025.cpp')
      C:\Users\Sviatoslav\Desktop\12.12\12_12_2025__new_sln_cw_sp2__2025_2026\variant_specification\LexicaByRegExAndSyntaxByLL2protototype.h(103,9):
      see previous definition of 'T_LRASSIGN_0'
  
C:\Users\Sviatoslav\Desktop\12.12\12_12_2025__new_sln_cw_sp2__2025_2026\cw_sp2__2025_2026\src\include\config.h(206,9): warning C4005: 'T_BEGIN_0': macro redefinition
  (compiling source file '../dpda1_for_ll2_generator__2025/dpda1_for_ll2_generator__2025.cpp')
      C:\Users\Sviatoslav\Desktop\12.12\12_12_2025__new_sln_cw_sp2__2025_2026\variant_specification\LexicaByRegExAndSyntaxByLL2protototype.h(151,9):
      see previous definition of 'T_BEGIN_0'
  
C:\Users\Sviatoslav\Desktop\12.12\12_12_2025__new_sln_cw_sp2__2025_2026\cw_sp2__2025_2026\src\include\config.h(210,9): warning C4005: 'T_END_0': macro redefinition
  (compiling source file '../dpda1_for_ll2_generator__2025/dpda1_for_ll2_generator__2025.cpp')
      C:\Users\Sviatoslav\Desktop\12.12\12_12_2025__new_sln_cw_sp2__2025_2026\variant_specification\LexicaByRegExAndSyntaxByLL2protototype.h(155,9):
      see previous definition of 'T_END_0'
  
C:\Users\Sviatoslav\Desktop\12.12\12_12_2025__new_sln_cw_sp2__2025_2026\cw_sp2__2025_2026\src\include\config.h(239,10): warning C4067: unexpected tokens following preprocessor directive - expected a newline
  (compiling source file '../dpda1_for_ll2_generator__2025/dpda1_for_ll2_generator__2025.cpp')
  
C:\Users\Sviatoslav\Desktop\12.12\12_12_2025__new_sln_cw_sp2__2025_2026\variant_specification\LexicaByRegExAndSyntaxByLL2protototype.h(35,9): warning C4005: 'T_DATA_TYPE_0': macro redefinition
  (compiling source file '../dpda1_for_ll2_generator__2025/dpda1_for_ll2_generator__2025.cpp')
      C:\Users\Sviatoslav\Desktop\12.12\12_12_2025__new_sln_cw_sp2__2025_2026\cw_sp2__2025_2026\src\include\config.h(25,9):
      see previous definition of 'T_DATA_TYPE_0'
  
C:\Users\Sviatoslav\Desktop\12.12\12_12_2025__new_sln_cw_sp2__2025_2026\variant_specification\LexicaByRegExAndSyntaxByLL2protototype.h(47,9): warning C4005: 'T_NOT_0': macro redefinition
  (compiling source file '../dpda1_for_ll2_generator__2025/dpda1_for_ll2_generator__2025.cpp')
      C:\Users\Sviatoslav\Desktop\12.12\12_12_2025__new_sln_cw_sp2__2025_2026\cw_sp2__2025_2026\src\include\config.h(42,9):
      see previous definition of 'T_NOT_0'
  
C:\Users\Sviatoslav\Desktop\12.12\12_12_2025__new_sln_cw_sp2__2025_2026\variant_specification\LexicaByRegExAndSyntaxByLL2protototype.h(51,9): warning C4005: 'T_BITWISE_AND_0': macro redefinition
  (compiling source file '../dpda1_for_ll2_generator__2025/dpda1_for_ll2_generator__2025.cpp')
      C:\Users\Sviatoslav\Desktop\12.12\12_12_2025__new_sln_cw_sp2__2025_2026\cw_sp2__2025_2026\src\include\config.h(34,9):
      see previous definition of 'T_BITWISE_AND_0'
  
C:\Users\Sviatoslav\Desktop\12.12\12_12_2025__new_sln_cw_sp2__2025_2026\variant_specification\LexicaByRegExAndSyntaxByLL2protototype.h(55,9): warning C4005: 'T_AND_0': macro redefinition
  (compiling source file '../dpda1_for_ll2_generator__2025/dpda1_for_ll2_generator__2025.cpp')
      C:\Users\Sviatoslav\Desktop\12.12\12_12_2025__new_sln_cw_sp2__2025_2026\cw_sp2__2025_2026\src\include\config.h(46,9):
      see previous definition of 'T_AND_0'
  
C:\Users\Sviatoslav\Desktop\12.12\12_12_2025__new_sln_cw_sp2__2025_2026\variant_specification\LexicaByRegExAndSyntaxByLL2protototype.h(59,9): warning C4005: 'T_BITWISE_OR_0': macro redefinition
  (compiling source file '../dpda1_for_ll2_generator__2025/dpda1_for_ll2_generator__2025.cpp')
      C:\Users\Sviatoslav\Desktop\12.12\12_12_2025__new_sln_cw_sp2__2025_2026\cw_sp2__2025_2026\src\include\config.h(38,9):
      see previous definition of 'T_BITWISE_OR_0'
  
C:\Users\Sviatoslav\Desktop\12.12\12_12_2025__new_sln_cw_sp2__2025_2026\variant_specification\LexicaByRegExAndSyntaxByLL2protototype.h(63,9): warning C4005: 'T_OR_0': macro redefinition
  (compiling source file '../dpda1_for_ll2_generator__2025/dpda1_for_ll2_generator__2025.cpp')
      C:\Users\Sviatoslav\Desktop\12.12\12_12_2025__new_sln_cw_sp2__2025_2026\cw_sp2__2025_2026\src\include\config.h(50,9):
      see previous definition of 'T_OR_0'
  
C:\Users\Sviatoslav\Desktop\12.12\12_12_2025__new_sln_cw_sp2__2025_2026\variant_specification\LexicaByRegExAndSyntaxByLL2protototype.h(67,9): warning C4005: 'T_EQUAL_0': macro redefinition
  (compiling source file '../dpda1_for_ll2_generator__2025/dpda1_for_ll2_generator__2025.cpp')
      C:\Users\Sviatoslav\Desktop\12.12\12_12_2025__new_sln_cw_sp2__2025_2026\cw_sp2__2025_2026\src\include\config.h(55,9):
      see previous definition of 'T_EQUAL_0'
  
C:\Users\Sviatoslav\Desktop\12.12\12_12_2025__new_sln_cw_sp2__2025_2026\variant_specification\LexicaByRegExAndSyntaxByLL2protototype.h(71,9): warning C4005: 'T_NOT_EQUAL_0': macro redefinition
  (compiling source file '../dpda1_for_ll2_generator__2025/dpda1_for_ll2_generator__2025.cpp')
      C:\Users\Sviatoslav\Desktop\12.12\12_12_2025__new_sln_cw_sp2__2025_2026\cw_sp2__2025_2026\src\include\config.h(59,9):
      see previous definition of 'T_NOT_EQUAL_0'
  
C:\Users\Sviatoslav\Desktop\12.12\12_12_2025__new_sln_cw_sp2__2025_2026\variant_specification\LexicaByRegExAndSyntaxByLL2protototype.h(75,9): warning C4005: 'T_LESS_0': macro redefinition
  (compiling source file '../dpda1_for_ll2_generator__2025/dpda1_for_ll2_generator__2025.cpp')
      C:\Users\Sviatoslav\Desktop\12.12\12_12_2025__new_sln_cw_sp2__2025_2026\cw_sp2__2025_2026\src\include\config.h(63,9):
      see previous definition of 'T_LESS_0'
  
C:\Users\Sviatoslav\Desktop\12.12\12_12_2025__new_sln_cw_sp2__2025_2026\variant_specification\LexicaByRegExAndSyntaxByLL2protototype.h(79,9): warning C4005: 'T_GREATER_0': macro redefinition
  (compiling source file '../dpda1_for_ll2_generator__2025/dpda1_for_ll2_generator__2025.cpp')
      C:\Users\Sviatoslav\Desktop\12.12\12_12_2025__new_sln_cw_sp2__2025_2026\cw_sp2__2025_2026\src\include\config.h(67,9):
      see previous definition of 'T_GREATER_0'
  
C:\Users\Sviatoslav\Desktop\12.12\12_12_2025__new_sln_cw_sp2__2025_2026\variant_specification\LexicaByRegExAndSyntaxByLL2protototype.h(83,9): warning C4005: 'T_ADD_0': macro redefinition
  (compiling source file '../dpda1_for_ll2_generator__2025/dpda1_for_ll2_generator__2025.cpp')
      C:\Users\Sviatoslav\Desktop\12.12\12_12_2025__new_sln_cw_sp2__2025_2026\cw_sp2__2025_2026\src\include\config.h(80,9):
      see previous definition of 'T_ADD_0'
  
C:\Users\Sviatoslav\Desktop\12.12\12_12_2025__new_sln_cw_sp2__2025_2026\variant_specification\LexicaByRegExAndSyntaxByLL2protototype.h(87,9): warning C4005: 'T_SUB_0': macro redefinition
  (compiling source file '../dpda1_for_ll2_generator__2025/dpda1_for_ll2_generator__2025.cpp')
      C:\Users\Sviatoslav\Desktop\12.12\12_12_2025__new_sln_cw_sp2__2025_2026\cw_sp2__2025_2026\src\include\config.h(84,9):
      see previous definition of 'T_SUB_0'
  
C:\Users\Sviatoslav\Desktop\12.12\12_12_2025__new_sln_cw_sp2__2025_2026\variant_specification\LexicaByRegExAndSyntaxByLL2protototype.h(91,9): warning C4005: 'T_MUL_0': macro redefinition
  (compiling source file '../dpda1_for_ll2_generator__2025/dpda1_for_ll2_generator__2025.cpp')
      C:\Users\Sviatoslav\Desktop\12.12\12_12_2025__new_sln_cw_sp2__2025_2026\cw_sp2__2025_2026\src\include\config.h(88,9):
      see previous definition of 'T_MUL_0'
  
C:\Users\Sviatoslav\Desktop\12.12\12_12_2025__new_sln_cw_sp2__2025_2026\variant_specification\LexicaByRegExAndSyntaxByLL2protototype.h(95,9): warning C4005: 'T_DIV_0': macro redefinition
  (compiling source file '../dpda1_for_ll2_generator__2025/dpda1_for_ll2_generator__2025.cpp')
      C:\Users\Sviatoslav\Desktop\12.12\12_12_2025__new_sln_cw_sp2__2025_2026\cw_sp2__2025_2026\src\include\config.h(92,9):
      see previous definition of 'T_DIV_0'
  
C:\Users\Sviatoslav\Desktop\12.12\12_12_2025__new_sln_cw_sp2__2025_2026\variant_specification\LexicaByRegExAndSyntaxByLL2protototype.h(99,9): warning C4005: 'T_MOD_0': macro redefinition
  (compiling source file '../dpda1_for_ll2_generator__2025/dpda1_for_ll2_generator__2025.cpp')
      C:\Users\Sviatoslav\Desktop\12.12\12_12_2025__new_sln_cw_sp2__2025_2026\cw_sp2__2025_2026\src\include\config.h(96,9):
      see previous definition of 'T_MOD_0'
  
C:\Users\Sviatoslav\Desktop\12.12\12_12_2025__new_sln_cw_sp2__2025_2026\variant_specification\LexicaByRegExAndSyntaxByLL2protototype.h(103,9): warning C4005: 'T_LRASSIGN_0': macro redefinition
  (compiling source file '../dpda1_for_ll2_generator__2025/dpda1_for_ll2_generator__2025.cpp')
      C:\Users\Sviatoslav\Desktop\12.12\12_12_2025__new_sln_cw_sp2__2025_2026\cw_sp2__2025_2026\src\include\config.h(201,9):
      see previous definition of 'T_LRASSIGN_0'
  
C:\Users\Sviatoslav\Desktop\12.12\12_12_2025__new_sln_cw_sp2__2025_2026\variant_specification\LexicaByRegExAndSyntaxByLL2protototype.h(111,9): warning C4005: 'T_ELSE_BLOCK_0': macro redefinition
  (compiling source file '../dpda1_for_ll2_generator__2025/dpda1_for_ll2_generator__2025.cpp')
      C:\Users\Sviatoslav\Desktop\12.12\12_12_2025__new_sln_cw_sp2__2025_2026\cw_sp2__2025_2026\src\include\config.h(126,9):
      see previous definition of 'T_ELSE_BLOCK_0'
  
C:\Users\Sviatoslav\Desktop\12.12\12_12_2025__new_sln_cw_sp2__2025_2026\variant_specification\LexicaByRegExAndSyntaxByLL2protototype.h(112,9): warning C4005: 'T_ELSE_BLOCK_1': macro redefinition
  (compiling source file '../dpda1_for_ll2_generator__2025/dpda1_for_ll2_generator__2025.cpp')
      C:\Users\Sviatoslav\Desktop\12.12\12_12_2025__new_sln_cw_sp2__2025_2026\cw_sp2__2025_2026\src\include\config.h(127,9):
      see previous definition of 'T_ELSE_BLOCK_1'
  
C:\Users\Sviatoslav\Desktop\12.12\12_12_2025__new_sln_cw_sp2__2025_2026\variant_specification\LexicaByRegExAndSyntaxByLL2protototype.h(115,9): warning C4005: 'T_IF_0': macro redefinition
  (compiling source file '../dpda1_for_ll2_generator__2025/dpda1_for_ll2_generator__2025.cpp')
      C:\Users\Sviatoslav\Desktop\12.12\12_12_2025__new_sln_cw_sp2__2025_2026\cw_sp2__2025_2026\src\include\config.h(114,9):
      see previous definition of 'T_IF_0'
  
C:\Users\Sviatoslav\Desktop\12.12\12_12_2025__new_sln_cw_sp2__2025_2026\variant_specification\LexicaByRegExAndSyntaxByLL2protototype.h(119,9): warning C4005: 'T_ELSE_IF_0': macro redefinition
  (compiling source file '../dpda1_for_ll2_generator__2025/dpda1_for_ll2_generator__2025.cpp')
      C:\Users\Sviatoslav\Desktop\12.12\12_12_2025__new_sln_cw_sp2__2025_2026\cw_sp2__2025_2026\src\include\config.h(118,9):
      see previous definition of 'T_ELSE_IF_0'
  
C:\Users\Sviatoslav\Desktop\12.12\12_12_2025__new_sln_cw_sp2__2025_2026\variant_specification\LexicaByRegExAndSyntaxByLL2protototype.h(120,9): warning C4005: 'T_ELSE_IF_1': macro redefinition
  (compiling source file '../dpda1_for_ll2_generator__2025/dpda1_for_ll2_generator__2025.cpp')
      C:\Users\Sviatoslav\Desktop\12.12\12_12_2025__new_sln_cw_sp2__2025_2026\cw_sp2__2025_2026\src\include\config.h(119,9):
      see previous definition of 'T_ELSE_IF_1'
  
C:\Users\Sviatoslav\Desktop\12.12\12_12_2025__new_sln_cw_sp2__2025_2026\variant_specification\LexicaByRegExAndSyntaxByLL2protototype.h(123,9): warning C4005: 'T_DO_0': macro redefinition
  (compiling source file '../dpda1_for_ll2_generator__2025/dpda1_for_ll2_generator__2025.cpp')
      C:\Users\Sviatoslav\Desktop\12.12\12_12_2025__new_sln_cw_sp2__2025_2026\cw_sp2__2025_2026\src\include\config.h(143,9):
      see previous definition of 'T_DO_0'
  
C:\Users\Sviatoslav\Desktop\12.12\12_12_2025__new_sln_cw_sp2__2025_2026\variant_specification\LexicaByRegExAndSyntaxByLL2protototype.h(127,9): warning C4005: 'T_FOR_0': macro redefinition
  (compiling source file '../dpda1_for_ll2_generator__2025/dpda1_for_ll2_generator__2025.cpp')
      C:\Users\Sviatoslav\Desktop\12.12\12_12_2025__new_sln_cw_sp2__2025_2026\cw_sp2__2025_2026\src\include\config.h(131,9):
      see previous definition of 'T_FOR_0'
  
C:\Users\Sviatoslav\Desktop\12.12\12_12_2025__new_sln_cw_sp2__2025_2026\variant_specification\LexicaByRegExAndSyntaxByLL2protototype.h(131,9): warning C4005: 'T_TO_0': macro redefinition
  (compiling source file '../dpda1_for_ll2_generator__2025/dpda1_for_ll2_generator__2025.cpp')
      C:\Users\Sviatoslav\Desktop\12.12\12_12_2025__new_sln_cw_sp2__2025_2026\cw_sp2__2025_2026\src\include\config.h(135,9):
      see previous definition of 'T_TO_0'
  
C:\Users\Sviatoslav\Desktop\12.12\12_12_2025__new_sln_cw_sp2__2025_2026\variant_specification\LexicaByRegExAndSyntaxByLL2protototype.h(135,9): warning C4005: 'T_INPUT_0': macro redefinition
  (compiling source file '../dpda1_for_ll2_generator__2025/dpda1_for_ll2_generator__2025.cpp')
      C:\Users\Sviatoslav\Desktop\12.12\12_12_2025__new_sln_cw_sp2__2025_2026\cw_sp2__2025_2026\src\include\config.h(170,9):
      see previous definition of 'T_INPUT_0'
  
C:\Users\Sviatoslav\Desktop\12.12\12_12_2025__new_sln_cw_sp2__2025_2026\variant_specification\LexicaByRegExAndSyntaxByLL2protototype.h(139,9): warning C4005: 'T_OUTPUT_0': macro redefinition
  (compiling source file '../dpda1_for_ll2_generator__2025/dpda1_for_ll2_generator__2025.cpp')
      C:\Users\Sviatoslav\Desktop\12.12\12_12_2025__new_sln_cw_sp2__2025_2026\cw_sp2__2025_2026\src\include\config.h(174,9):
      see previous definition of 'T_OUTPUT_0'
  
C:\Users\Sviatoslav\Desktop\12.12\12_12_2025__new_sln_cw_sp2__2025_2026\variant_specification\LexicaByRegExAndSyntaxByLL2protototype.h(143,9): warning C4005: 'T_NAME_0': macro redefinition
  (compiling source file '../dpda1_for_ll2_generator__2025/dpda1_for_ll2_generator__2025.cpp')
      C:\Users\Sviatoslav\Desktop\12.12\12_12_2025__new_sln_cw_sp2__2025_2026\cw_sp2__2025_2026\src\include\config.h(13,9):
      see previous definition of 'T_NAME_0'
  
C:\Users\Sviatoslav\Desktop\12.12\12_12_2025__new_sln_cw_sp2__2025_2026\variant_specification\LexicaByRegExAndSyntaxByLL2protototype.h(147,9): warning C4005: 'T_DATA_0': macro redefinition
  (compiling source file '../dpda1_for_ll2_generator__2025/dpda1_for_ll2_generator__2025.cpp')
      C:\Users\Sviatoslav\Desktop\12.12\12_12_2025__new_sln_cw_sp2__2025_2026\cw_sp2__2025_2026\src\include\config.h(21,9):
      see previous definition of 'T_DATA_0'
  
C:\Users\Sviatoslav\Desktop\12.12\12_12_2025__new_sln_cw_sp2__2025_2026\variant_specification\LexicaByRegExAndSyntaxByLL2protototype.h(151,9): warning C4005: 'T_BEGIN_0': macro redefinition
  (compiling source file '../dpda1_for_ll2_generator__2025/dpda1_for_ll2_generator__2025.cpp')
      C:\Users\Sviatoslav\Desktop\12.12\12_12_2025__new_sln_cw_sp2__2025_2026\cw_sp2__2025_2026\src\include\config.h(206,9):
      see previous definition of 'T_BEGIN_0'
  
C:\Users\Sviatoslav\Desktop\12.12\12_12_2025__new_sln_cw_sp2__2025_2026\variant_specification\LexicaByRegExAndSyntaxByLL2protototype.h(155,9): warning C4005: 'T_END_0': macro redefinition
  (compiling source file '../dpda1_for_ll2_generator__2025/dpda1_for_ll2_generator__2025.cpp')
      C:\Users\Sviatoslav\Desktop\12.12\12_12_2025__new_sln_cw_sp2__2025_2026\cw_sp2__2025_2026\src\include\config.h(210,9):
      see previous definition of 'T_END_0'
  
C:\Users\Sviatoslav\Desktop\12.12\12_12_2025__new_sln_cw_sp2__2025_2026\cw_sp2__2025_2026\src\include\lexica\lexica.h(48,9): warning C4005: 'UNEXPEXTED_LEXEME_TYPE': macro redefinition
  (compiling source file '../dpda1_for_ll2_generator__2025/dpda1_for_ll2_generator__2025.cpp')
      C:\Users\Sviatoslav\Desktop\12.12\12_12_2025__new_sln_cw_sp2__2025_2026\cw_sp2__2025_2026\src\include\lexica\lexica.h(44,9):
      see previous definition of 'UNEXPEXTED_LEXEME_TYPE'
  
C:\Users\Sviatoslav\Desktop\12.12\12_12_2025__new_sln_cw_sp2__2025_2026\dpda1_for_ll2_generator__2025\dpda1_for_ll2_generator__2025.cpp(150,10): warning C4101: 'curr_rhs_buffer_len': unreferenced local variable
C:\Users\Sviatoslav\Desktop\12.12\12_12_2025__new_sln_cw_sp2__2025_2026\dpda1_for_ll2_generator__2025\dpda1_for_ll2_generator__2025.cpp(238,6): warning C4326: return type of 'main' should be 'int' instead of 'void'
  dpda1_for_ll2_generator__2025.vcxproj -> C:\Users\Sviatoslav\Desktop\12.12\12_12_2025__new_sln_cw_sp2__2025_2026\x64\Debug\dpda1_for_ll2_generator__2025.exe
