c:\users\sviatoslav\desktop\12.12\12_12_2025__new_sln_cw_sp2__2025_2026\cw_sp2__2025_2026\x64\debug\vc143.pdb
c:\users\sviatoslav\desktop\12.12\12_12_2025__new_sln_cw_sp2__2025_2026\cw_sp2__2025_2026\x64\debug\vc143.idb
c:\users\sviatoslav\desktop\12.12\12_12_2025__new_sln_cw_sp2__2025_2026\cw_sp2__2025_2026\x64\debug\index_to_value.obj
c:\users\sviatoslav\desktop\12.12\12_12_2025__new_sln_cw_sp2__2025_2026\cw_sp2__2025_2026\x64\debug\index.obj
c:\users\sviatoslav\desktop\12.12\12_12_2025__new_sln_cw_sp2__2025_2026\cw_sp2__2025_2026\x64\debug\if_then_block.obj
c:\users\sviatoslav\desktop\12.12\12_12_2025__new_sln_cw_sp2__2025_2026\cw_sp2__2025_2026\x64\debug\greater_or_equal.obj
c:\users\sviatoslav\desktop\12.12\12_12_2025__new_sln_cw_sp2__2025_2026\cw_sp2__2025_2026\x64\debug\greater.obj
c:\users\sviatoslav\desktop\12.12\12_12_2025__new_sln_cw_sp2__2025_2026\cw_sp2__2025_2026\x64\debug\goto_label.obj
c:\users\sviatoslav\desktop\12.12\12_12_2025__new_sln_cw_sp2__2025_2026\cw_sp2__2025_2026\x64\debug\generator.obj
c:\users\sviatoslav\desktop\12.12\12_12_2025__new_sln_cw_sp2__2025_2026\cw_sp2__2025_2026\x64\debug\for_nonblockandblock.obj
c:\users\sviatoslav\desktop\12.12\12_12_2025__new_sln_cw_sp2__2025_2026\cw_sp2__2025_2026\x64\debug\equal.obj
c:\users\sviatoslav\desktop\12.12\12_12_2025__new_sln_cw_sp2__2025_2026\cw_sp2__2025_2026\x64\debug\else_if_then_block.obj
c:\users\sviatoslav\desktop\12.12\12_12_2025__new_sln_cw_sp2__2025_2026\cw_sp2__2025_2026\x64\debug\else_block.obj
c:\users\sviatoslav\desktop\12.12\12_12_2025__new_sln_cw_sp2__2025_2026\cw_sp2__2025_2026\x64\debug\div.obj
c:\users\sviatoslav\desktop\12.12\12_12_2025__new_sln_cw_sp2__2025_2026\cw_sp2__2025_2026\x64\debug\block.obj
c:\users\sviatoslav\desktop\12.12\12_12_2025__new_sln_cw_sp2__2025_2026\cw_sp2__2025_2026\x64\debug\bitwise_or.obj
c:\users\sviatoslav\desktop\12.12\12_12_2025__new_sln_cw_sp2__2025_2026\cw_sp2__2025_2026\x64\debug\bitwise_not.obj
c:\users\sviatoslav\desktop\12.12\12_12_2025__new_sln_cw_sp2__2025_2026\cw_sp2__2025_2026\x64\debug\bitwise_and.obj
c:\users\sviatoslav\desktop\12.12\12_12_2025__new_sln_cw_sp2__2025_2026\cw_sp2__2025_2026\x64\debug\and.obj
c:\users\sviatoslav\desktop\12.12\12_12_2025__new_sln_cw_sp2__2025_2026\cw_sp2__2025_2026\x64\debug\add.obj
c:\users\sviatoslav\desktop\12.12\12_12_2025__new_sln_cw_sp2__2025_2026\cw_sp2__2025_2026\x64\debug\cli.obj
c:\users\sviatoslav\desktop\12.12\12_12_2025__new_sln_cw_sp2__2025_2026\cw_sp2__2025_2026\x64\debug\cw.obj
c:\users\sviatoslav\desktop\12.12\12_12_2025__new_sln_cw_sp2__2025_2026\cw_sp2__2025_2026\x64\debug\while_block.obj
c:\users\sviatoslav\desktop\12.12\12_12_2025__new_sln_cw_sp2__2025_2026\cw_sp2__2025_2026\x64\debug\sub.obj
c:\users\sviatoslav\desktop\12.12\12_12_2025__new_sln_cw_sp2__2025_2026\cw_sp2__2025_2026\x64\debug\semicolon.obj
c:\users\sviatoslav\desktop\12.12\12_12_2025__new_sln_cw_sp2__2025_2026\cw_sp2__2025_2026\x64\debug\rlassign.obj
c:\users\sviatoslav\desktop\12.12\12_12_2025__new_sln_cw_sp2__2025_2026\cw_sp2__2025_2026\x64\debug\repeat_until.obj
c:\users\sviatoslav\desktop\12.12\12_12_2025__new_sln_cw_sp2__2025_2026\cw_sp2__2025_2026\x64\debug\output.obj
c:\users\sviatoslav\desktop\12.12\12_12_2025__new_sln_cw_sp2__2025_2026\cw_sp2__2025_2026\x64\debug\or.obj
c:\users\sviatoslav\desktop\12.12\12_12_2025__new_sln_cw_sp2__2025_2026\cw_sp2__2025_2026\x64\debug\operand.obj
c:\users\sviatoslav\desktop\12.12\12_12_2025__new_sln_cw_sp2__2025_2026\cw_sp2__2025_2026\x64\debug\objectcodegen_pattern.obj
c:\users\sviatoslav\desktop\12.12\12_12_2025__new_sln_cw_sp2__2025_2026\cw_sp2__2025_2026\x64\debug\null_statement.obj
c:\users\sviatoslav\desktop\12.12\12_12_2025__new_sln_cw_sp2__2025_2026\cw_sp2__2025_2026\x64\debug\not_equal.obj
c:\users\sviatoslav\desktop\12.12\12_12_2025__new_sln_cw_sp2__2025_2026\cw_sp2__2025_2026\x64\debug\not.obj
c:\users\sviatoslav\desktop\12.12\12_12_2025__new_sln_cw_sp2__2025_2026\cw_sp2__2025_2026\x64\debug\mul.obj
c:\users\sviatoslav\desktop\12.12\12_12_2025__new_sln_cw_sp2__2025_2026\cw_sp2__2025_2026\x64\debug\mod.obj
c:\users\sviatoslav\desktop\12.12\12_12_2025__new_sln_cw_sp2__2025_2026\cw_sp2__2025_2026\x64\debug\machinecodegen_pattern.obj
c:\users\sviatoslav\desktop\12.12\12_12_2025__new_sln_cw_sp2__2025_2026\cw_sp2__2025_2026\x64\debug\machinecodegen_addon.obj
c:\users\sviatoslav\desktop\12.12\12_12_2025__new_sln_cw_sp2__2025_2026\cw_sp2__2025_2026\x64\debug\lrassign.obj
c:\users\sviatoslav\desktop\12.12\12_12_2025__new_sln_cw_sp2__2025_2026\cw_sp2__2025_2026\x64\debug\less_or_equal.obj
c:\users\sviatoslav\desktop\12.12\12_12_2025__new_sln_cw_sp2__2025_2026\cw_sp2__2025_2026\x64\debug\less.obj
c:\users\sviatoslav\desktop\12.12\12_12_2025__new_sln_cw_sp2__2025_2026\cw_sp2__2025_2026\x64\debug\input.obj
c:\users\sviatoslav\desktop\12.12\12_12_2025__new_sln_cw_sp2__2025_2026\cw_sp2__2025_2026\x64\debug\syntax.obj
c:\users\sviatoslav\desktop\12.12\12_12_2025__new_sln_cw_sp2__2025_2026\cw_sp2__2025_2026\x64\debug\semantics.obj
c:\users\sviatoslav\desktop\12.12\12_12_2025__new_sln_cw_sp2__2025_2026\cw_sp2__2025_2026\x64\debug\preparer.obj
c:\users\sviatoslav\desktop\12.12\12_12_2025__new_sln_cw_sp2__2025_2026\cw_sp2__2025_2026\x64\debug\lexica.obj
c:\users\sviatoslav\desktop\12.12\12_12_2025__new_sln_cw_sp2__2025_2026\x64\debug\cw_sp2__2025_2026.exe
c:\users\sviatoslav\desktop\12.12\12_12_2025__new_sln_cw_sp2__2025_2026\x64\debug\cw_sp2__2025_2026.pdb
c:\users\sviatoslav\desktop\12.12\12_12_2025__new_sln_cw_sp2__2025_2026\cw_sp2__2025_2026\x64\debug\cw_sp2__2025_2026.ilk
c:\users\sviatoslav\desktop\12.12\12_12_2025__new_sln_cw_sp2__2025_2026\cw_sp2__2025_2026\x64\debug\cw_sp2__.86f1e242.tlog\cl.command.1.tlog
c:\users\sviatoslav\desktop\12.12\12_12_2025__new_sln_cw_sp2__2025_2026\cw_sp2__2025_2026\x64\debug\cw_sp2__.86f1e242.tlog\cl.items.tlog
c:\users\sviatoslav\desktop\12.12\12_12_2025__new_sln_cw_sp2__2025_2026\cw_sp2__2025_2026\x64\debug\cw_sp2__.86f1e242.tlog\cl.read.1.tlog
c:\users\sviatoslav\desktop\12.12\12_12_2025__new_sln_cw_sp2__2025_2026\cw_sp2__2025_2026\x64\debug\cw_sp2__.86f1e242.tlog\cl.write.1.tlog
c:\users\sviatoslav\desktop\12.12\12_12_2025__new_sln_cw_sp2__2025_2026\cw_sp2__2025_2026\x64\debug\cw_sp2__.86f1e242.tlog\link.command.1.tlog
c:\users\sviatoslav\desktop\12.12\12_12_2025__new_sln_cw_sp2__2025_2026\cw_sp2__2025_2026\x64\debug\cw_sp2__.86f1e242.tlog\link.read.1.tlog
c:\users\sviatoslav\desktop\12.12\12_12_2025__new_sln_cw_sp2__2025_2026\cw_sp2__2025_2026\x64\debug\cw_sp2__.86f1e242.tlog\link.secondary.1.tlog
c:\users\sviatoslav\desktop\12.12\12_12_2025__new_sln_cw_sp2__2025_2026\cw_sp2__2025_2026\x64\debug\cw_sp2__.86f1e242.tlog\link.write.1.tlog
